<?xml version="1.0" encoding="UTF-8"?>
<!-- Generated by org.testng.reporters.JUnitReportReporter -->
<testsuite hostname="DESKTOP-06RFFF0" failures="0" tests="2" name="com.webtest.demo.DeleteTest" time="47.100" errors="0" timestamp="05 12æœˆ 2018 09:25:23 GMT" skipped="0">
  <testcase classname="com.webtest.demo.DeleteTest" name="delete1" time="22.812"/>
  <testcase classname="com.webtest.demo.DeleteTest" name="delete2" time="24.288"/>
</testsuite> <!-- com.webtest.demo.DeleteTest -->
