<?xml version="1.0" encoding="UTF-8"?>
<!-- Generated by org.testng.reporters.JUnitReportReporter -->
<testsuite hostname="DESKTOP-06RFFF0" failures="0" tests="1" name="com.webtest.demo.Front_Login1" time="11.840" errors="0" timestamp="10 10æœˆ 2018 09:11:36 GMT" skipped="0">
  <testcase classname="com.webtest.demo.Front_Login1" name="testSearch" time="11.840"/>
</testsuite> <!-- com.webtest.demo.Front_Login1 -->
